<?xml version="1.0" encoding="UTF-8"?>
<!-- Generated by org.testng.reporters.JUnitReportReporter -->
<testsuite hostname="CBIT01580.local" failures="0" tests="40" name="test.resourcess.TestLeaf" time="46.691" errors="3" timestamp="2021-12-29T18:32:06 IST" skipped="14">
  <testcase classname="test.resourcess.TestLeaf" name="testHyperLink" time="0.300">
    <error message="no such element: Unable to locate element: {&quot;method&quot;:&quot;xpath&quot;,&quot;selector&quot;:&quot;//a[text()=&#039;Go to Home test.resources.Page&#039; and @style=&#039;color: #CC0000&#039;]&quot;}
  (Session info: chrome=96.0.4664.110)
For documentation on this error, please visit: https://www.seleniumhq.org/exceptions/no_such_element.html
Build info: version: &#039;3.141.59&#039;, revision: &#039;e82be7d358&#039;, time: &#039;2018-11-14T08:17:03&#039;
System info: host: &#039;CBIT01580.local&#039;, ip: &#039;fe80:0:0:0:1061:5535:1cfb:4045%en0&#039;, os.name: &#039;Mac OS X&#039;, os.arch: &#039;x86_64&#039;, os.version: &#039;11.5&#039;, java.version: &#039;11.0.12&#039;
Driver info: org.openqa.selenium.chrome.ChromeDriver
Capabilities {acceptInsecureCerts: false, browserName: chrome, browserVersion: 96.0.4664.110, chrome: {chromedriverVersion: 96.0.4664.45 (76e4c1bb2ab46..., userDataDir: /var/folders/h7/c2fvdv9s1qj...}, goog:chromeOptions: {debuggerAddress: localhost:52039}, javascriptEnabled: true, networkConnectionEnabled: false, pageLoadStrategy: normal, platform: MAC, platformName: MAC, proxy: Proxy(), setWindowRect: true, strictFileInteractability: false, timeouts: {implicit: 0, pageLoad: 300000, script: 30000}, unhandledPromptBehavior: dismiss and notify, webauthn:extension:credBlob: true, webauthn:extension:largeBlob: true, webauthn:virtualAuthenticators: true}
Session ID: a0d85e9b5ae322a501c221fcb4ad43f7
*** Element info: {Using=xpath, value=//a[text()=&#039;Go to Home test.resources.Page&#039; and @style=&#039;color: #CC0000&#039;]}" type="org.openqa.selenium.NoSuchElementException">
      <![CDATA[org.openqa.selenium.NoSuchElementException: no such element: Unable to locate element: {"method":"xpath","selector":"//a[text()='Go to Home test.resources.Page' and @style='color: #CC0000']"}
  (Session info: chrome=96.0.4664.110)
For documentation on this error, please visit: https://www.seleniumhq.org/exceptions/no_such_element.html
Build info: version: '3.141.59', revision: 'e82be7d358', time: '2018-11-14T08:17:03'
System info: host: 'CBIT01580.local', ip: 'fe80:0:0:0:1061:5535:1cfb:4045%en0', os.name: 'Mac OS X', os.arch: 'x86_64', os.version: '11.5', java.version: '11.0.12'
Driver info: org.openqa.selenium.chrome.ChromeDriver
Capabilities {acceptInsecureCerts: false, browserName: chrome, browserVersion: 96.0.4664.110, chrome: {chromedriverVersion: 96.0.4664.45 (76e4c1bb2ab46..., userDataDir: /var/folders/h7/c2fvdv9s1qj...}, goog:chromeOptions: {debuggerAddress: localhost:52039}, javascriptEnabled: true, networkConnectionEnabled: false, pageLoadStrategy: normal, platform: MAC, platformName: MAC, proxy: Proxy(), setWindowRect: true, strictFileInteractability: false, timeouts: {implicit: 0, pageLoad: 300000, script: 30000}, unhandledPromptBehavior: dismiss and notify, webauthn:extension:credBlob: true, webauthn:extension:largeBlob: true, webauthn:virtualAuthenticators: true}
Session ID: a0d85e9b5ae322a501c221fcb4ad43f7
*** Element info: {Using=xpath, value=//a[text()='Go to Home test.resources.Page' and @style='color: #CC0000']}
at java.base/jdk.internal.reflect.NativeConstructorAccessorImpl.newInstance0(Native Method)
at java.base/jdk.internal.reflect.NativeConstructorAccessorImpl.newInstance(NativeConstructorAccessorImpl.java:62)
at java.base/jdk.internal.reflect.DelegatingConstructorAccessorImpl.newInstance(DelegatingConstructorAccessorImpl.java:45)
at java.base/java.lang.reflect.Constructor.newInstance(Constructor.java:490)
at org.openqa.selenium.remote.http.W3CHttpResponseCodec.createException(W3CHttpResponseCodec.java:187)
at org.openqa.selenium.remote.http.W3CHttpResponseCodec.decode(W3CHttpResponseCodec.java:122)
at org.openqa.selenium.remote.http.W3CHttpResponseCodec.decode(W3CHttpResponseCodec.java:49)
at org.openqa.selenium.remote.HttpCommandExecutor.execute(HttpCommandExecutor.java:158)
at org.openqa.selenium.remote.service.DriverCommandExecutor.execute(DriverCommandExecutor.java:83)
at org.openqa.selenium.remote.RemoteWebDriver.execute(RemoteWebDriver.java:552)
at org.openqa.selenium.remote.RemoteWebDriver.findElement(RemoteWebDriver.java:323)
at org.openqa.selenium.remote.RemoteWebDriver.findElementByXPath(RemoteWebDriver.java:428)
at org.openqa.selenium.By$ByXPath.findElement(By.java:353)
at org.openqa.selenium.remote.RemoteWebDriver.findElement(RemoteWebDriver.java:315)
at test.resourcess.TestLeaf.testHyperLink(TestLeaf.java:111)
at java.base/jdk.internal.reflect.NativeMethodAccessorImpl.invoke0(Native Method)
at java.base/jdk.internal.reflect.NativeMethodAccessorImpl.invoke(NativeMethodAccessorImpl.java:62)
at java.base/jdk.internal.reflect.DelegatingMethodAccessorImpl.invoke(DelegatingMethodAccessorImpl.java:43)
at java.base/java.lang.reflect.Method.invoke(Method.java:566)
at org.testng.internal.MethodInvocationHelper.invokeMethod(MethodInvocationHelper.java:133)
at org.testng.internal.TestInvoker.invokeMethod(TestInvoker.java:598)
at org.testng.internal.TestInvoker.retryFailed(TestInvoker.java:213)
at org.testng.internal.MethodRunner.runInSequence(MethodRunner.java:58)
at org.testng.internal.TestInvoker$MethodInvocationAgent.invoke(TestInvoker.java:824)
at org.testng.internal.TestInvoker.invokeTestMethods(TestInvoker.java:146)
at org.testng.internal.TestMethodWorker.invokeTestMethods(TestMethodWorker.java:146)
at org.testng.internal.TestMethodWorker.run(TestMethodWorker.java:128)
at java.base/java.util.ArrayList.forEach(ArrayList.java:1541)
at org.testng.TestRunner.privateRun(TestRunner.java:794)
at org.testng.TestRunner.run(TestRunner.java:596)
at org.testng.SuiteRunner.runTest(SuiteRunner.java:377)
at org.testng.SuiteRunner.runSequentially(SuiteRunner.java:371)
at org.testng.SuiteRunner.privateRun(SuiteRunner.java:332)
at org.testng.SuiteRunner.run(SuiteRunner.java:276)
at org.testng.SuiteRunnerWorker.runSuite(SuiteRunnerWorker.java:53)
at org.testng.SuiteRunnerWorker.run(SuiteRunnerWorker.java:96)
at org.testng.TestNG.runSuitesSequentially(TestNG.java:1212)
at org.testng.TestNG.runSuitesLocally(TestNG.java:1134)
at org.testng.TestNG.runSuites(TestNG.java:1063)
at org.testng.TestNG.run(TestNG.java:1031)
at com.intellij.rt.testng.IDEARemoteTestNG.run(IDEARemoteTestNG.java:66)
at com.intellij.rt.testng.RemoteTestNGStarter.main(RemoteTestNGStarter.java:109)
]]>
    </error>
  </testcase> <!-- testHyperLink -->
  <system-out/>
  <testcase classname="test.resourcess.TestLeaf" name="testDownloadFiles" time="0.073">
    <error type="java.lang.NullPointerException">
      <![CDATA[java.lang.NullPointerException
at test.resourcess.TestLeaf.testDownloadFiles(TestLeaf.java:499)
at java.base/jdk.internal.reflect.NativeMethodAccessorImpl.invoke0(Native Method)
at java.base/jdk.internal.reflect.NativeMethodAccessorImpl.invoke(NativeMethodAccessorImpl.java:62)
at java.base/jdk.internal.reflect.DelegatingMethodAccessorImpl.invoke(DelegatingMethodAccessorImpl.java:43)
at java.base/java.lang.reflect.Method.invoke(Method.java:566)
at org.testng.internal.MethodInvocationHelper.invokeMethod(MethodInvocationHelper.java:133)
at org.testng.internal.TestInvoker.invokeMethod(TestInvoker.java:598)
at org.testng.internal.TestInvoker.retryFailed(TestInvoker.java:213)
at org.testng.internal.MethodRunner.runInSequence(MethodRunner.java:58)
at org.testng.internal.TestInvoker$MethodInvocationAgent.invoke(TestInvoker.java:824)
at org.testng.internal.TestInvoker.invokeTestMethods(TestInvoker.java:146)
at org.testng.internal.TestMethodWorker.invokeTestMethods(TestMethodWorker.java:146)
at org.testng.internal.TestMethodWorker.run(TestMethodWorker.java:128)
at java.base/java.util.ArrayList.forEach(ArrayList.java:1541)
at org.testng.TestRunner.privateRun(TestRunner.java:794)
at org.testng.TestRunner.run(TestRunner.java:596)
at org.testng.SuiteRunner.runTest(SuiteRunner.java:377)
at org.testng.SuiteRunner.runSequentially(SuiteRunner.java:371)
at org.testng.SuiteRunner.privateRun(SuiteRunner.java:332)
at org.testng.SuiteRunner.run(SuiteRunner.java:276)
at org.testng.SuiteRunnerWorker.runSuite(SuiteRunnerWorker.java:53)
at org.testng.SuiteRunnerWorker.run(SuiteRunnerWorker.java:96)
at org.testng.TestNG.runSuitesSequentially(TestNG.java:1212)
at org.testng.TestNG.runSuitesLocally(TestNG.java:1134)
at org.testng.TestNG.runSuites(TestNG.java:1063)
at org.testng.TestNG.run(TestNG.java:1031)
at com.intellij.rt.testng.IDEARemoteTestNG.run(IDEARemoteTestNG.java:66)
at com.intellij.rt.testng.RemoteTestNGStarter.main(RemoteTestNGStarter.java:109)
]]>
    </error>
  </testcase> <!-- testDownloadFiles -->
  <system-out/>
  <testcase classname="test.resourcess.TestLeaf" name="testDropDown" time="0.982"/>
  <system-out/>
  <testcase classname="test.resourcess.TestLeaf" name="testDownloadFiles" time="0.104">
    <skipped/>
  </testcase> <!-- testDownloadFiles -->
  <system-out/>
  <testcase classname="test.resourcess.TestLeaf" name="testCheckBox" time="0.709"/>
  <system-out/>
  <testcase classname="test.resourcess.TestLeaf" name="testAdvanceWebTable" time="1.009"/>
  <system-out/>
  <testcase classname="test.resourcess.TestLeaf" name="testAlert" time="1.114"/>
  <system-out/>
  <testcase classname="test.resourcess.TestLeaf" name="testWaitForAlert" time="3.386"/>
  <system-out/>
  <testcase classname="test.resourcess.TestLeaf" name="testUploadFiles" time="0.110">
    <skipped/>
  </testcase> <!-- testUploadFiles -->
  <system-out/>
  <testcase classname="test.resourcess.TestLeaf" name="testHyperLink" time="0.283">
    <skipped/>
  </testcase> <!-- testHyperLink -->
  <system-out/>
  <testcase classname="test.resourcess.TestLeaf" name="testWaitForTextChange" time="3.397"/>
  <system-out/>
  <testcase classname="test.resourcess.TestLeaf" name="testWindow" time="13.504"/>
  <system-out/>
  <testcase classname="test.resourcess.TestLeaf" name="testButton" time="0.395"/>
  <system-out/>
  <testcase classname="test.resourcess.TestLeaf" name="testUploadFiles" time="0.109">
    <skipped/>
  </testcase> <!-- testUploadFiles -->
  <system-out/>
  <testcase classname="test.resourcess.TestLeaf" name="testCalendar" time="1.464"/>
  <system-out/>
  <testcase classname="test.resourcess.TestLeaf" name="testHyperLink" time="0.270">
    <skipped/>
  </testcase> <!-- testHyperLink -->
  <system-out/>
  <testcase classname="test.resourcess.TestLeaf" name="testFrame" time="0.380"/>
  <system-out/>
  <testcase classname="test.resourcess.TestLeaf" name="testHyperLink" time="0.314">
    <skipped/>
  </testcase> <!-- testHyperLink -->
  <system-out/>
  <testcase classname="test.resourcess.TestLeaf" name="testEditBox" time="0.924"/>
  <system-out/>
  <testcase classname="test.resourcess.TestLeaf" name="testDraggable" time="0.544"/>
  <system-out/>
  <testcase classname="test.resourcess.TestLeaf" name="testToolTip" time="0.566"/>
  <system-out/>
  <testcase classname="test.resourcess.TestLeaf" name="testDownloadFiles" time="0.099">
    <skipped/>
  </testcase> <!-- testDownloadFiles -->
  <system-out/>
  <testcase classname="test.resourcess.TestLeaf" name="testUploadFiles" time="0.112">
    <error message="invalid argument: File not found : D:\7zip\7-Zip\7z.exe
  (Session info: chrome=96.0.4664.110)
Build info: version: &#039;3.141.59&#039;, revision: &#039;e82be7d358&#039;, time: &#039;2018-11-14T08:17:03&#039;
System info: host: &#039;CBIT01580.local&#039;, ip: &#039;fe80:0:0:0:1061:5535:1cfb:4045%en0&#039;, os.name: &#039;Mac OS X&#039;, os.arch: &#039;x86_64&#039;, os.version: &#039;11.5&#039;, java.version: &#039;11.0.12&#039;
Driver info: org.openqa.selenium.chrome.ChromeDriver
Capabilities {acceptInsecureCerts: false, browserName: chrome, browserVersion: 96.0.4664.110, chrome: {chromedriverVersion: 96.0.4664.45 (76e4c1bb2ab46..., userDataDir: /var/folders/h7/c2fvdv9s1qj...}, goog:chromeOptions: {debuggerAddress: localhost:52039}, javascriptEnabled: true, networkConnectionEnabled: false, pageLoadStrategy: normal, platform: MAC, platformName: MAC, proxy: Proxy(), setWindowRect: true, strictFileInteractability: false, timeouts: {implicit: 0, pageLoad: 300000, script: 30000}, unhandledPromptBehavior: dismiss and notify, webauthn:extension:credBlob: true, webauthn:extension:largeBlob: true, webauthn:virtualAuthenticators: true}
Session ID: a0d85e9b5ae322a501c221fcb4ad43f7" type="org.openqa.selenium.InvalidArgumentException">
      <![CDATA[org.openqa.selenium.InvalidArgumentException: invalid argument: File not found : D:\7zip\7-Zip\7z.exe
  (Session info: chrome=96.0.4664.110)
Build info: version: '3.141.59', revision: 'e82be7d358', time: '2018-11-14T08:17:03'
System info: host: 'CBIT01580.local', ip: 'fe80:0:0:0:1061:5535:1cfb:4045%en0', os.name: 'Mac OS X', os.arch: 'x86_64', os.version: '11.5', java.version: '11.0.12'
Driver info: org.openqa.selenium.chrome.ChromeDriver
Capabilities {acceptInsecureCerts: false, browserName: chrome, browserVersion: 96.0.4664.110, chrome: {chromedriverVersion: 96.0.4664.45 (76e4c1bb2ab46..., userDataDir: /var/folders/h7/c2fvdv9s1qj...}, goog:chromeOptions: {debuggerAddress: localhost:52039}, javascriptEnabled: true, networkConnectionEnabled: false, pageLoadStrategy: normal, platform: MAC, platformName: MAC, proxy: Proxy(), setWindowRect: true, strictFileInteractability: false, timeouts: {implicit: 0, pageLoad: 300000, script: 30000}, unhandledPromptBehavior: dismiss and notify, webauthn:extension:credBlob: true, webauthn:extension:largeBlob: true, webauthn:virtualAuthenticators: true}
Session ID: a0d85e9b5ae322a501c221fcb4ad43f7
at java.base/jdk.internal.reflect.NativeConstructorAccessorImpl.newInstance0(Native Method)
at java.base/jdk.internal.reflect.NativeConstructorAccessorImpl.newInstance(NativeConstructorAccessorImpl.java:62)
at java.base/jdk.internal.reflect.DelegatingConstructorAccessorImpl.newInstance(DelegatingConstructorAccessorImpl.java:45)
at java.base/java.lang.reflect.Constructor.newInstance(Constructor.java:490)
at org.openqa.selenium.remote.http.W3CHttpResponseCodec.createException(W3CHttpResponseCodec.java:187)
at org.openqa.selenium.remote.http.W3CHttpResponseCodec.decode(W3CHttpResponseCodec.java:122)
at org.openqa.selenium.remote.http.W3CHttpResponseCodec.decode(W3CHttpResponseCodec.java:49)
at org.openqa.selenium.remote.HttpCommandExecutor.execute(HttpCommandExecutor.java:158)
at org.openqa.selenium.remote.service.DriverCommandExecutor.execute(DriverCommandExecutor.java:83)
at org.openqa.selenium.remote.RemoteWebDriver.execute(RemoteWebDriver.java:552)
at org.openqa.selenium.remote.RemoteWebElement.execute(RemoteWebElement.java:285)
at org.openqa.selenium.remote.RemoteWebElement.sendKeys(RemoteWebElement.java:106)
at test.resourcess.TestLeaf.testUploadFiles(TestLeaf.java:521)
at java.base/jdk.internal.reflect.NativeMethodAccessorImpl.invoke0(Native Method)
at java.base/jdk.internal.reflect.NativeMethodAccessorImpl.invoke(NativeMethodAccessorImpl.java:62)
at java.base/jdk.internal.reflect.DelegatingMethodAccessorImpl.invoke(DelegatingMethodAccessorImpl.java:43)
at java.base/java.lang.reflect.Method.invoke(Method.java:566)
at org.testng.internal.MethodInvocationHelper.invokeMethod(MethodInvocationHelper.java:133)
at org.testng.internal.TestInvoker.invokeMethod(TestInvoker.java:598)
at org.testng.internal.TestInvoker.retryFailed(TestInvoker.java:213)
at org.testng.internal.MethodRunner.runInSequence(MethodRunner.java:58)
at org.testng.internal.TestInvoker$MethodInvocationAgent.invoke(TestInvoker.java:824)
at org.testng.internal.TestInvoker.invokeTestMethods(TestInvoker.java:146)
at org.testng.internal.TestMethodWorker.invokeTestMethods(TestMethodWorker.java:146)
at org.testng.internal.TestMethodWorker.run(TestMethodWorker.java:128)
at java.base/java.util.ArrayList.forEach(ArrayList.java:1541)
at org.testng.TestRunner.privateRun(TestRunner.java:794)
at org.testng.TestRunner.run(TestRunner.java:596)
at org.testng.SuiteRunner.runTest(SuiteRunner.java:377)
at org.testng.SuiteRunner.runSequentially(SuiteRunner.java:371)
at org.testng.SuiteRunner.privateRun(SuiteRunner.java:332)
at org.testng.SuiteRunner.run(SuiteRunner.java:276)
at org.testng.SuiteRunnerWorker.runSuite(SuiteRunnerWorker.java:53)
at org.testng.SuiteRunnerWorker.run(SuiteRunnerWorker.java:96)
at org.testng.TestNG.runSuitesSequentially(TestNG.java:1212)
at org.testng.TestNG.runSuitesLocally(TestNG.java:1134)
at org.testng.TestNG.runSuites(TestNG.java:1063)
at org.testng.TestNG.run(TestNG.java:1031)
at com.intellij.rt.testng.IDEARemoteTestNG.run(IDEARemoteTestNG.java:66)
at com.intellij.rt.testng.RemoteTestNGStarter.main(RemoteTestNGStarter.java:109)
]]>
    </error>
  </testcase> <!-- testUploadFiles -->
  <system-out/>
  <testcase classname="test.resourcess.TestLeaf" name="testUploadFiles" time="0.109">
    <skipped/>
  </testcase> <!-- testUploadFiles -->
  <system-out/>
  <testcase classname="test.resourcess.TestLeaf" name="testTable" time="0.438"/>
  <system-out/>
  <testcase classname="test.resourcess.TestLeaf" name="testHyperLink" time="0.281">
    <skipped/>
  </testcase> <!-- testHyperLink -->
  <system-out/>
  <testcase classname="test.resourcess.TestLeaf" name="testAutoComplete" time="2.291"/>
  <system-out/>
  <testcase classname="test.resourcess.TestLeaf" name="testMouseHover" time="0.513">
    <skipped/>
  </testcase> <!-- testMouseHover -->
  <system-out/>
  <testcase classname="test.resourcess.TestLeaf" name="testWaitToDisappear" time="2.902"/>
  <system-out/>
  <testcase classname="test.resourcess.TestLeaf" name="testWaitToAppear" time="4.386"/>
  <system-out/>
  <testcase classname="test.resourcess.TestLeaf" name="testSelectable" time="0.465"/>
  <system-out/>
  <testcase classname="test.resourcess.TestLeaf" name="testMouseHover" time="0.306"/>
  <system-out/>
  <testcase classname="test.resourcess.TestLeaf" name="testImage" time="0.598"/>
  <system-out/>
  <testcase classname="test.resourcess.TestLeaf" name="testUploadFiles" time="0.144">
    <skipped/>
  </testcase> <!-- testUploadFiles -->
  <system-out/>
  <testcase classname="test.resourcess.TestLeaf" name="testDroppable" time="0.462"/>
  <system-out/>
  <testcase classname="test.resourcess.TestLeaf" name="testDownloadFiles" time="0.105">
    <skipped/>
  </testcase> <!-- testDownloadFiles -->
  <system-out/>
  <testcase classname="test.resourcess.TestLeaf" name="testDownloadFiles" time="0.151">
    <skipped/>
  </testcase> <!-- testDownloadFiles -->
  <system-out/>
  <testcase classname="test.resourcess.TestLeaf" name="testSortable" time="0.717"/>
  <system-out/>
  <testcase classname="test.resourcess.TestLeaf" name="testAutoComplete" time="2.360">
    <skipped/>
  </testcase> <!-- testAutoComplete -->
  <system-out/>
  <testcase classname="test.resourcess.TestLeaf" name="testRadioButton" time="0.315"/>
  <system-out/>
</testsuite> <!-- test.resourcess.TestLeaf -->
